[I 2024-09-29 07:21:59.183 ServerApp] jupyter_lsp | extension was successfully linked.
[I 2024-09-29 07:21:59.185 ServerApp] jupyter_server_terminals | extension was successfully linked.
[W 2024-09-29 07:21:59.186 LabApp] 'base_url' has moved from NotebookApp to ServerApp. This config will be passed to ServerApp. Be sure to update your config before our next release.
[I 2024-09-29 07:21:59.187 ServerApp] jupyterlab | extension was successfully linked.
[W 2024-09-29 07:21:59.189 JupyterNotebookApp] 'extra_static_paths' was found in both NotebookApp and ServerApp. This is likely a recent change. This config will only be set in NotebookApp. Please check if you should also config these traits in ServerApp for your purpose.
[I 2024-09-29 07:21:59.191 ServerApp] notebook | extension was successfully linked.
[I 2024-09-29 07:21:59.191 ServerApp] Writing Jupyter server cookie secret to /Users/takayamagen/Library/Jupyter/runtime/jupyter_cookie_secret
[I 2024-09-29 07:21:59.617 ServerApp] notebook_shim | extension was successfully linked.
[I 2024-09-29 07:21:59.651 ServerApp] notebook_shim | extension was successfully loaded.
[I 2024-09-29 07:21:59.654 ServerApp] jupyter_lsp | extension was successfully loaded.
[I 2024-09-29 07:21:59.655 ServerApp] jupyter_server_terminals | extension was successfully loaded.
[I 2024-09-29 07:21:59.657 LabApp] JupyterLab extension loaded from /Users/takayamagen/.pyenv/versions/3.9.7/lib/python3.9/site-packages/jupyterlab
[I 2024-09-29 07:21:59.657 LabApp] JupyterLab application directory is /Users/takayamagen/.pyenv/versions/3.9.7/share/jupyter/lab
[I 2024-09-29 07:21:59.657 LabApp] Extension Manager is 'pypi'.
[I 2024-09-29 07:21:59.679 ServerApp] jupyterlab | extension was successfully loaded.
[I 2024-09-29 07:21:59.682 ServerApp] notebook | extension was successfully loaded.
[I 2024-09-29 07:21:59.682 ServerApp] Serving notebooks from local directory: /Users/takayamagen/Documents/G.Takayama
[I 2024-09-29 07:21:59.682 ServerApp] Jupyter Server 2.14.1 is running at:
[I 2024-09-29 07:21:59.682 ServerApp] http://takayamamotos-MacBook-Air.local:8888/local/tree
[I 2024-09-29 07:21:59.682 ServerApp]     http://127.0.0.1:8888/local/tree
[I 2024-09-29 07:21:59.682 ServerApp] Use Control-C to stop this server and shut down all kernels (twice to skip confirmation).
[I 2024-09-29 07:21:59.698 ServerApp] Skipped non-installed server(s): bash-language-server, dockerfile-language-server-nodejs, javascript-typescript-langserver, jedi-language-server, julia-language-server, pyright, python-language-server, python-lsp-server, r-languageserver, sql-language-server, texlab, typescript-language-server, unified-language-server, vscode-css-languageserver-bin, vscode-html-languageserver-bin, vscode-json-languageserver-bin, yaml-language-server
[W 2024-09-29 07:21:59.834 ServerApp] Clearing invalid/expired login cookie username-localhost-8888
[W 2024-09-29 07:21:59.834 ServerApp] wrote error: 'Forbidden'
    Traceback (most recent call last):
      File "/Users/takayamagen/.pyenv/versions/3.9.7/lib/python3.9/site-packages/tornado/web.py", line 1788, in _execute
        result = method(*self.path_args, **self.path_kwargs)
      File "/Users/takayamagen/.pyenv/versions/3.9.7/lib/python3.9/site-packages/tornado/web.py", line 3289, in wrapper
        url = self.get_login_url()
      File "/Users/takayamagen/.pyenv/versions/3.9.7/lib/python3.9/site-packages/jupyter_server/base/handlers.py", line 783, in get_login_url
        raise web.HTTPError(403)
    tornado.web.HTTPError: HTTP 403: Forbidden
[W 2024-09-29 07:21:59.850 ServerApp] 403 GET /local/lab/api/extensions?query&page=1&per_page=30&refresh=0&1727562119824 (@127.0.0.1) 17.01ms referer=http://localhost:8888/local/doc/tree/GEN/2024/EXP/TRIP/AUTUMN/LISE/JPY/20240927_NuclearChart.ipynb
[W 2024-09-29 07:21:59.850 ServerApp] Clearing invalid/expired login cookie username-localhost-8888
[W 2024-09-29 07:21:59.850 LabApp] wrote error: 'Forbidden'
    Traceback (most recent call last):
      File "/Users/takayamagen/.pyenv/versions/3.9.7/lib/python3.9/site-packages/tornado/web.py", line 1788, in _execute
        result = method(*self.path_args, **self.path_kwargs)
      File "/Users/takayamagen/.pyenv/versions/3.9.7/lib/python3.9/site-packages/tornado/web.py", line 3300, in wrapper
        raise HTTPError(403)
    tornado.web.HTTPError: HTTP 403: Forbidden
[W 2024-09-29 07:21:59.851 LabApp] 403 PUT /local/lab/api/workspaces/default?1727562119826 (@127.0.0.1) 17.56ms referer=http://localhost:8888/local/doc/tree/GEN/2024/EXP/TRIP/AUTUMN/LISE/JPY/20240927_NuclearChart.ipynb
[W 2024-09-29 07:21:59.871 ServerApp] wrote error: 'Forbidden'
    Traceback (most recent call last):
      File "/Users/takayamagen/.pyenv/versions/3.9.7/lib/python3.9/site-packages/tornado/web.py", line 1788, in _execute
        result = method(*self.path_args, **self.path_kwargs)
      File "/Users/takayamagen/.pyenv/versions/3.9.7/lib/python3.9/site-packages/tornado/web.py", line 3289, in wrapper
        url = self.get_login_url()
      File "/Users/takayamagen/.pyenv/versions/3.9.7/lib/python3.9/site-packages/jupyter_server/base/handlers.py", line 783, in get_login_url
        raise web.HTTPError(403)
    tornado.web.HTTPError: HTTP 403: Forbidden
[W 2024-09-29 07:21:59.872 ServerApp] 403 GET /local/api/contents/GEN/2024/EXP/TRIP/AUTUMN/LISE/JPY/20240927_NuclearChart.ipynb?content=0&hash=0&1727562119867 (@127.0.0.1) 0.99ms referer=http://localhost:8888/local/doc/tree/GEN/2024/EXP/TRIP/AUTUMN/LISE/JPY/20240927_NuclearChart.ipynb
[W 2024-09-29 07:22:00.833 ServerApp] Couldn't authenticate WebSocket connection
[W 2024-09-29 07:22:00.882 ServerApp] 403 GET /local/api/events/subscribe (@127.0.0.1) 50.27ms referer=None
[W 2024-09-29 07:22:01.710 ServerApp] wrote error: 'Forbidden'
    Traceback (most recent call last):
      File "/Users/takayamagen/.pyenv/versions/3.9.7/lib/python3.9/site-packages/tornado/web.py", line 1788, in _execute
        result = method(*self.path_args, **self.path_kwargs)
      File "/Users/takayamagen/.pyenv/versions/3.9.7/lib/python3.9/site-packages/tornado/web.py", line 3289, in wrapper
        url = self.get_login_url()
      File "/Users/takayamagen/.pyenv/versions/3.9.7/lib/python3.9/site-packages/jupyter_server/base/handlers.py", line 783, in get_login_url
        raise web.HTTPError(403)
    tornado.web.HTTPError: HTTP 403: Forbidden
[W 2024-09-29 07:22:01.710 ServerApp] 403 GET /local/api/kernels?1727562121705 (@127.0.0.1) 1.37ms referer=http://localhost:8888/local/doc/tree/GEN/2024/EXP/TRIP/AUTUMN/LISE/JPY/20240927_NuclearChart.ipynb
[W 2024-09-29 07:22:01.712 ServerApp] wrote error: 'Forbidden'
    Traceback (most recent call last):
      File "/Users/takayamagen/.pyenv/versions/3.9.7/lib/python3.9/site-packages/tornado/web.py", line 1788, in _execute
        result = method(*self.path_args, **self.path_kwargs)
      File "/Users/takayamagen/.pyenv/versions/3.9.7/lib/python3.9/site-packages/tornado/web.py", line 3289, in wrapper
        url = self.get_login_url()
      File "/Users/takayamagen/.pyenv/versions/3.9.7/lib/python3.9/site-packages/jupyter_server/base/handlers.py", line 783, in get_login_url
        raise web.HTTPError(403)
    tornado.web.HTTPError: HTTP 403: Forbidden
[W 2024-09-29 07:22:01.713 ServerApp] 403 GET /local/api/sessions?1727562121706 (@127.0.0.1) 1.56ms referer=http://localhost:8888/local/doc/tree/GEN/2024/EXP/TRIP/AUTUMN/LISE/JPY/20240927_NuclearChart.ipynb
[W 2024-09-29 07:22:01.715 TerminalsExtensionApp] wrote error: 'Forbidden'
    Traceback (most recent call last):
      File "/Users/takayamagen/.pyenv/versions/3.9.7/lib/python3.9/site-packages/tornado/web.py", line 1788, in _execute
        result = method(*self.path_args, **self.path_kwargs)
      File "/Users/takayamagen/.pyenv/versions/3.9.7/lib/python3.9/site-packages/tornado/web.py", line 3289, in wrapper
        url = self.get_login_url()
      File "/Users/takayamagen/.pyenv/versions/3.9.7/lib/python3.9/site-packages/jupyter_server/base/handlers.py", line 783, in get_login_url
        raise web.HTTPError(403)
    tornado.web.HTTPError: HTTP 403: Forbidden
[W 2024-09-29 07:22:01.716 TerminalsExtensionApp] 403 GET /local/api/terminals?1727562121706 (@127.0.0.1) 2.50ms referer=http://localhost:8888/local/doc/tree/GEN/2024/EXP/TRIP/AUTUMN/LISE/JPY/20240927_NuclearChart.ipynb
[W 2024-09-29 07:22:01.717 LabApp] wrote error: 'Forbidden'
    Traceback (most recent call last):
      File "/Users/takayamagen/.pyenv/versions/3.9.7/lib/python3.9/site-packages/tornado/web.py", line 1788, in _execute
        result = method(*self.path_args, **self.path_kwargs)
      File "/Users/takayamagen/.pyenv/versions/3.9.7/lib/python3.9/site-packages/tornado/web.py", line 3289, in wrapper
        url = self.get_login_url()
      File "/Users/takayamagen/.pyenv/versions/3.9.7/lib/python3.9/site-packages/jupyter_server/base/handlers.py", line 783, in get_login_url
        raise web.HTTPError(403)
    tornado.web.HTTPError: HTTP 403: Forbidden
[W 2024-09-29 07:22:01.717 LabApp] 403 GET /local/lab/api/workspaces?1727562121707 (@127.0.0.1) 3.31ms referer=http://localhost:8888/local/doc/tree/GEN/2024/EXP/TRIP/AUTUMN/LISE/JPY/20240927_NuclearChart.ipynb
[I 2024-09-29 07:22:02.016 LabApp] 302 GET /local/doc/tree/GEN/2024/EXP/TRIP/AUTUMN/LISE/JPY/20240927_NuclearChart.ipynb (@127.0.0.1) 1.67ms
[I 2024-09-29 07:22:05.003 ServerApp] User b92afd7a6a214c6085e01d8d0854554f logged in.
[I 2024-09-29 07:22:05.003 ServerApp] 302 POST /local/login?next=%2Flocal%2Fdoc%2Ftree%2FGEN%2F2024%2FEXP%2FTRIP%2FAUTUMN%2FLISE%2FJPY%2F20240927_NuclearChart.ipynb (b92afd7a6a214c6085e01d8d0854554f@127.0.0.1) 46.03ms
[W 2024-09-29 07:22:05.583 LabApp] Could not determine jupyterlab build status without nodejs
[I 2024-09-29 07:22:07.474 ServerApp] Kernel started: e278bc95-378c-4f0e-8187-b45a95d701f1
[I 2024-09-29 07:22:08.065 ServerApp] Connecting to kernel e278bc95-378c-4f0e-8187-b45a95d701f1.
[I 2024-09-29 07:22:08.078 ServerApp] Starting buffering for e278bc95-378c-4f0e-8187-b45a95d701f1:9af827a8-73bb-4726-b220-580c1f9813bb
[I 2024-09-29 07:22:08.080 ServerApp] Connecting to kernel e278bc95-378c-4f0e-8187-b45a95d701f1.
[I 2024-09-29 07:22:08.097 ServerApp] Connecting to kernel e278bc95-378c-4f0e-8187-b45a95d701f1.
[I 2024-09-29 07:24:07.231 ServerApp] Saving file at /GEN/2024/EXP/TRIP/AUTUMN/LISE/JPY/20240927_NuclearChart.ipynb
[I 2024-09-29 07:26:07.299 ServerApp] Saving file at /GEN/2024/EXP/TRIP/AUTUMN/LISE/JPY/20240927_NuclearChart.ipynb
[I 2024-09-29 07:28:07.856 ServerApp] Saving file at /GEN/2024/EXP/TRIP/AUTUMN/LISE/JPY/20240927_NuclearChart.ipynb
[I 2024-09-29 07:30:07.913 ServerApp] Saving file at /GEN/2024/EXP/TRIP/AUTUMN/LISE/JPY/20240927_NuclearChart.ipynb
[I 2024-09-29 07:32:08.024 ServerApp] Saving file at /GEN/2024/EXP/TRIP/AUTUMN/LISE/JPY/20240927_NuclearChart.ipynb
[I 2024-09-29 07:37:11.020 ServerApp] Saving file at /GEN/2024/EXP/TRIP/AUTUMN/LISE/JPY/20240927_NuclearChart.ipynb
[I 2024-09-29 07:39:11.848 ServerApp] Saving file at /GEN/2024/EXP/TRIP/AUTUMN/LISE/JPY/20240927_NuclearChart.ipynb
[I 2024-09-29 07:39:19.837 ServerApp] Saving file at /GEN/2024/EXP/TRIP/AUTUMN/LISE/JPY/20240927_NuclearChart.ipynb
[I 2024-09-29 07:39:35.241 ServerApp] Starting buffering for e278bc95-378c-4f0e-8187-b45a95d701f1:7098d3b8-f299-45da-af9f-4139c85d4887
[I 2024-09-29 07:39:35.265 ServerApp] Connecting to kernel e278bc95-378c-4f0e-8187-b45a95d701f1.
[I 2024-09-29 07:39:35.265 ServerApp] Restoring connection for e278bc95-378c-4f0e-8187-b45a95d701f1:7098d3b8-f299-45da-af9f-4139c85d4887
[I 2024-09-29 07:52:11.111 ServerApp] Saving file at /GEN/2024/EXP/TRIP/AUTUMN/LISE/JPY/20240927_NuclearChart.ipynb
[I 2024-09-29 07:59:21.219 ServerApp] Starting buffering for e278bc95-378c-4f0e-8187-b45a95d701f1:7098d3b8-f299-45da-af9f-4139c85d4887
[I 2024-09-29 07:59:21.294 ServerApp] Connecting to kernel e278bc95-378c-4f0e-8187-b45a95d701f1.
[I 2024-09-29 07:59:21.294 ServerApp] Restoring connection for e278bc95-378c-4f0e-8187-b45a95d701f1:7098d3b8-f299-45da-af9f-4139c85d4887
[I 2024-09-29 08:15:00.371 ServerApp] Saving file at /GEN/2024/EXP/TRIP/AUTUMN/LISE/JPY/20240927_NuclearChart.ipynb
[I 2024-09-29 08:25:04.406 ServerApp] Saving file at /GEN/2024/EXP/TRIP/AUTUMN/LISE/JPY/20240927_NuclearChart.ipynb
[I 2024-09-29 08:33:07.358 ServerApp] Saving file at /GEN/2024/EXP/TRIP/AUTUMN/LISE/JPY/20240927_NuclearChart.ipynb
[I 2024-09-29 08:37:08.387 ServerApp] Saving file at /GEN/2024/EXP/TRIP/AUTUMN/LISE/JPY/20240927_NuclearChart.ipynb
[I 2024-09-29 08:40:02.290 ServerApp] Starting buffering for e278bc95-378c-4f0e-8187-b45a95d701f1:7098d3b8-f299-45da-af9f-4139c85d4887
[I 2024-09-29 08:40:03.030 ServerApp] Connecting to kernel e278bc95-378c-4f0e-8187-b45a95d701f1.
[I 2024-09-29 08:40:03.053 ServerApp] Starting buffering for e278bc95-378c-4f0e-8187-b45a95d701f1:867af22a-93d7-4acd-b4cb-a1a0bd29e8c5
[W 2024-09-29 08:40:03.219 LabApp] Could not determine jupyterlab build status without nodejs
[I 2024-09-29 08:40:04.264 ServerApp] Connecting to kernel e278bc95-378c-4f0e-8187-b45a95d701f1.
[W 2024-09-29 08:40:24.825 ServerApp] 404 GET /local/api/contents/settings.db?content=0&hash=0&1727566824823 (b92afd7a6a214c6085e01d8d0854554f@127.0.0.1) 0.54ms referer=http://localhost:8888/local/doc/tree/GEN/2024/EXP/TRIP/AUTUMN/LISE/JPY/20240927_NuclearChart.ipynb
[W 2024-09-29 08:40:24.826 ServerApp] 404 GET /local/api/contents/settings.db?content=0&hash=0&1727566824823 (127.0.0.1): No such file or directory: settings.db
[I 2024-09-29 08:42:04.360 ServerApp] Saving file at /GEN/2024/EXP/TRIP/AUTUMN/LISE/JPY/20240927_NuclearChart.ipynb
[I 2024-09-29 08:44:04.450 ServerApp] Saving file at /GEN/2024/EXP/TRIP/AUTUMN/LISE/JPY/20240927_NuclearChart.ipynb
[I 2024-09-29 08:52:06.418 ServerApp] Saving file at /GEN/2024/EXP/TRIP/AUTUMN/LISE/JPY/20240927_NuclearChart.ipynb
[I 2024-09-29 08:54:02.651 ServerApp] Starting buffering for e278bc95-378c-4f0e-8187-b45a95d701f1:04629cab-960c-4b0c-8898-dd39026e7637
[I 2024-09-29 08:54:03.264 ServerApp] Connecting to kernel e278bc95-378c-4f0e-8187-b45a95d701f1.
[I 2024-09-29 08:54:03.282 ServerApp] Starting buffering for e278bc95-378c-4f0e-8187-b45a95d701f1:90ec98d9-28c5-47a3-b893-93b0a4132a49
[W 2024-09-29 08:54:03.294 LabApp] Could not determine jupyterlab build status without nodejs
[I 2024-09-29 08:54:04.292 ServerApp] Connecting to kernel e278bc95-378c-4f0e-8187-b45a95d701f1.
[I 2024-09-29 08:56:04.163 ServerApp] Saving file at /GEN/2024/EXP/TRIP/AUTUMN/LISE/JPY/20240927_NuclearChart.ipynb

tab completion not implemented for this context
[I 2024-09-29 09:04:15.892 ServerApp] Starting buffering for e278bc95-378c-4f0e-8187-b45a95d701f1:08bbd6c9-7fdf-4754-8d47-d57b455ae258
[I 2024-09-29 09:04:16.457 ServerApp] Connecting to kernel e278bc95-378c-4f0e-8187-b45a95d701f1.
[I 2024-09-29 09:04:16.474 ServerApp] Starting buffering for e278bc95-378c-4f0e-8187-b45a95d701f1:23eee89a-5160-4043-aee2-50d4a7986f18
[W 2024-09-29 09:04:16.625 LabApp] Could not determine jupyterlab build status without nodejs
[I 2024-09-29 09:04:17.651 ServerApp] Connecting to kernel e278bc95-378c-4f0e-8187-b45a95d701f1.
[I 2024-09-29 09:06:17.501 ServerApp] Saving file at /GEN/2024/EXP/TRIP/AUTUMN/LISE/JPY/20240927_NuclearChart.ipynb
[I 2024-09-29 09:08:18.394 ServerApp] Saving file at /GEN/2024/EXP/TRIP/AUTUMN/LISE/JPY/20240927_NuclearChart.ipynb
[I 2024-09-29 09:20:22.372 ServerApp] Saving file at /GEN/2024/EXP/TRIP/AUTUMN/LISE/JPY/20240927_NuclearChart.ipynb
[I 2024-09-29 09:24:23.370 ServerApp] Saving file at /GEN/2024/EXP/TRIP/AUTUMN/LISE/JPY/20240927_NuclearChart.ipynb
[W 2024-09-29 09:24:25.345 ServerApp] 404 GET /local/api/contents/settings.db?content=0&hash=0&1727569465340 (b92afd7a6a214c6085e01d8d0854554f@127.0.0.1) 0.69ms referer=http://localhost:8888/local/doc/tree/GEN/2024/EXP/TRIP/AUTUMN/LISE/JPY
[W 2024-09-29 09:24:25.345 ServerApp] 404 GET /local/api/contents/settings.db?content=0&hash=0&1727569465340 (127.0.0.1): No such file or directory: settings.db
[I 2024-09-29 09:26:24.365 ServerApp] Saving file at /GEN/2024/EXP/TRIP/AUTUMN/LISE/JPY/20240927_NuclearChart.ipynb
[I 2024-09-29 09:30:26.368 ServerApp] Saving file at /GEN/2024/EXP/TRIP/AUTUMN/LISE/JPY/20240927_NuclearChart.ipynb
[I 2024-09-29 09:35:57.746 ServerApp] Starting buffering for e278bc95-378c-4f0e-8187-b45a95d701f1:92457580-d5c8-4e3b-aa2f-c1ecc7d9b0f5
[I 2024-09-29 09:35:57.754 ServerApp] Connecting to kernel e278bc95-378c-4f0e-8187-b45a95d701f1.
[I 2024-09-29 09:35:57.754 ServerApp] Restoring connection for e278bc95-378c-4f0e-8187-b45a95d701f1:92457580-d5c8-4e3b-aa2f-c1ecc7d9b0f5
[I 2024-09-29 10:07:14.634 ServerApp] Starting buffering for e278bc95-378c-4f0e-8187-b45a95d701f1:92457580-d5c8-4e3b-aa2f-c1ecc7d9b0f5
[I 2024-09-29 10:07:14.719 ServerApp] Connecting to kernel e278bc95-378c-4f0e-8187-b45a95d701f1.
[I 2024-09-29 10:07:14.720 ServerApp] Restoring connection for e278bc95-378c-4f0e-8187-b45a95d701f1:92457580-d5c8-4e3b-aa2f-c1ecc7d9b0f5
[I 2024-09-29 10:16:32.045 ServerApp] Saving file at /GEN/2024/EXP/TRIP/AUTUMN/LISE/JPY/20240927_NuclearChart.ipynb
[I 2024-09-29 10:17:12.991 ServerApp] Saving file at /GEN/2024/EXP/TRIP/AUTUMN/LISE/JPY/20240927_NuclearChart.ipynb
[I 2024-09-29 10:19:14.000 ServerApp] Saving file at /GEN/2024/EXP/TRIP/AUTUMN/LISE/JPY/20240927_NuclearChart.ipynb
[I 2024-09-29 10:23:14.994 ServerApp] Saving file at /GEN/2024/EXP/TRIP/AUTUMN/LISE/JPY/20240927_NuclearChart.ipynb
[I 2024-09-29 10:25:15.052 ServerApp] Saving file at /GEN/2024/EXP/TRIP/AUTUMN/LISE/JPY/20240927_NuclearChart.ipynb
[I 2024-09-29 10:27:16.001 ServerApp] Saving file at /GEN/2024/EXP/TRIP/AUTUMN/LISE/JPY/20240927_NuclearChart.ipynb
[I 2024-09-29 10:29:17.005 ServerApp] Saving file at /GEN/2024/EXP/TRIP/AUTUMN/LISE/JPY/20240927_NuclearChart.ipynb
[I 2024-09-29 10:31:17.093 ServerApp] Saving file at /GEN/2024/EXP/TRIP/AUTUMN/LISE/JPY/20240927_NuclearChart.ipynb
[I 2024-09-29 10:31:41.161 ServerApp] Saving file at /GEN/2024/EXP/TRIP/AUTUMN/LISE/JPY/20240927_NuclearChart.ipynb
[I 2024-09-29 10:32:14.600 ServerApp] Saving file at /GEN/2024/EXP/TRIP/AUTUMN/LISE/JPY/20240927_NuclearChart.ipynb
[I 2024-09-29 10:32:24.148 ServerApp] Saving file at /GEN/2024/EXP/TRIP/AUTUMN/LISE/JPY/20240927_NuclearChart.ipynb
[I 2024-09-29 10:34:24.202 ServerApp] Saving file at /GEN/2024/EXP/TRIP/AUTUMN/LISE/JPY/20240927_NuclearChart.ipynb
[I 2024-09-29 10:34:33.315 ServerApp] Saving file at /GEN/2024/EXP/TRIP/AUTUMN/LISE/JPY/20240927_NuclearChart.ipynb
[I 2024-09-29 10:35:01.490 ServerApp] Saving file at /GEN/2024/EXP/TRIP/AUTUMN/LISE/JPY/20240927_NuclearChart.ipynb
[I 2024-09-29 10:35:13.914 ServerApp] Saving file at /GEN/2024/EXP/TRIP/AUTUMN/LISE/JPY/20240927_NuclearChart.ipynb
[I 2024-09-29 10:41:03.132 ServerApp] Saving file at /GEN/2024/EXP/TRIP/AUTUMN/LISE/JPY/20240927_NuclearChart.ipynb
[I 2024-09-29 10:47:06.016 ServerApp] Saving file at /GEN/2024/EXP/TRIP/AUTUMN/LISE/JPY/20240927_NuclearChart.ipynb
[I 2024-09-29 10:51:06.527 ServerApp] Saving file at /GEN/2024/EXP/TRIP/AUTUMN/LISE/JPY/20240927_NuclearChart.ipynb
[I 2024-09-29 10:53:06.587 ServerApp] Saving file at /GEN/2024/EXP/TRIP/AUTUMN/LISE/JPY/20240927_NuclearChart.ipynb
[I 2024-09-29 10:53:20.289 ServerApp] Saving file at /GEN/2024/EXP/TRIP/AUTUMN/LISE/JPY/20240927_NuclearChart.ipynb
[I 2024-09-29 10:55:20.958 ServerApp] Saving file at /GEN/2024/EXP/TRIP/AUTUMN/LISE/JPY/20240927_NuclearChart.ipynb
[I 2024-09-29 10:55:51.006 ServerApp] Saving file at /GEN/2024/EXP/TRIP/AUTUMN/LISE/JPY/20240927_NuclearChart.ipynb
[W 2024-09-29 10:55:51.619 ServerApp] 404 GET /local/api/contents/HTML/BigRIPS_NoXX_136Xe_?content=0&hash=0&1727574951611 (b92afd7a6a214c6085e01d8d0854554f@127.0.0.1) 2.92ms referer=http://localhost:8888/local/doc/tree/GEN/2024/EXP/TRIP/AUTUMN/LISE/JPY/20240927_NuclearChart.ipynb
[W 2024-09-29 10:55:51.619 ServerApp] 404 GET /local/api/contents/HTML/BigRIPS_NoXX_136Xe_?content=0&hash=0&1727574951611 (127.0.0.1): No such file or directory: HTML/BigRIPS_NoXX_136Xe_
[I 2024-09-29 10:55:54.994 ServerApp] Saving file at /GEN/2024/EXP/TRIP/AUTUMN/LISE/JPY/20240927_NuclearChart.ipynb
[I 2024-09-29 10:57:39.324 ServerApp] Saving file at /GEN/2024/EXP/TRIP/AUTUMN/LISE/JPY/20240927_NuclearChart.ipynb
[I 2024-09-29 10:58:20.241 ServerApp] Saving file at /GEN/2024/EXP/TRIP/AUTUMN/LISE/JPY/20240927_NuclearChart.ipynb
[I 2024-09-29 10:58:30.600 ServerApp] Saving file at /GEN/2024/EXP/TRIP/AUTUMN/LISE/JPY/20240927_NuclearChart.ipynb
[I 2024-09-29 10:59:02.457 ServerApp] Saving file at /GEN/2024/EXP/TRIP/AUTUMN/LISE/JPY/20240927_NuclearChart.ipynb
[I 2024-09-29 11:00:05.011 ServerApp] Saving file at /GEN/2024/EXP/TRIP/AUTUMN/LISE/JPY/20240927_NuclearChart.ipynb
[I 2024-09-29 11:01:02.704 ServerApp] Saving file at /GEN/2024/EXP/TRIP/AUTUMN/LISE/JPY/20240927_NuclearChart.ipynb
[I 2024-09-29 11:01:30.151 ServerApp] Saving file at /GEN/2024/EXP/TRIP/AUTUMN/LISE/JPY/20240927_NuclearChart.ipynb
[I 2024-09-29 11:02:00.608 ServerApp] Saving file at /GEN/2024/EXP/TRIP/AUTUMN/LISE/JPY/20240927_NuclearChart.ipynb
[I 2024-09-29 11:02:29.787 ServerApp] Saving file at /GEN/2024/EXP/TRIP/AUTUMN/LISE/JPY/20240927_NuclearChart.ipynb
[I 2024-09-29 11:02:34.130 ServerApp] Saving file at /GEN/2024/EXP/TRIP/AUTUMN/LISE/JPY/20240927_NuclearChart.ipynb
[I 2024-09-29 11:04:34.184 ServerApp] Saving file at /GEN/2024/EXP/TRIP/AUTUMN/LISE/JPY/20240927_NuclearChart.ipynb
[I 2024-09-29 11:06:34.247 ServerApp] Saving file at /GEN/2024/EXP/TRIP/AUTUMN/LISE/JPY/20240927_NuclearChart.ipynb
[I 2024-09-29 11:07:08.870 ServerApp] Saving file at /GEN/2024/EXP/TRIP/AUTUMN/LISE/JPY/20240927_NuclearChart.ipynb
[I 2024-09-29 11:07:21.134 ServerApp] Saving file at /GEN/2024/EXP/TRIP/AUTUMN/LISE/JPY/20240927_NuclearChart.ipynb
[I 2024-09-29 11:08:07.007 ServerApp] Saving file at /GEN/2024/EXP/TRIP/AUTUMN/LISE/JPY/20240927_NuclearChart.ipynb
[I 2024-09-29 11:08:25.551 ServerApp] Saving file at /GEN/2024/EXP/TRIP/AUTUMN/LISE/JPY/20240927_NuclearChart.ipynb
[I 2024-09-29 11:08:28.704 ServerApp] Saving file at /GEN/2024/EXP/TRIP/AUTUMN/LISE/JPY/20240927_NuclearChart.ipynb
[I 2024-09-29 11:10:18.264 ServerApp] Saving file at /GEN/2024/EXP/TRIP/AUTUMN/LISE/JPY/20240927_NuclearChart.ipynb
[I 2024-09-29 11:11:07.268 ServerApp] Saving file at /GEN/2024/EXP/TRIP/AUTUMN/LISE/JPY/20240927_NuclearChart.ipynb
[I 2024-09-29 11:11:14.523 ServerApp] Saving file at /GEN/2024/EXP/TRIP/AUTUMN/LISE/JPY/20240927_NuclearChart.ipynb
[I 2024-09-29 11:11:24.604 ServerApp] Saving file at /GEN/2024/EXP/TRIP/AUTUMN/LISE/JPY/20240927_NuclearChart.ipynb
[I 2024-09-29 11:11:30.923 ServerApp] Saving file at /GEN/2024/EXP/TRIP/AUTUMN/LISE/JPY/20240927_NuclearChart.ipynb
[I 2024-09-29 11:11:49.020 ServerApp] Saving file at /GEN/2024/EXP/TRIP/AUTUMN/LISE/JPY/20240927_NuclearChart.ipynb
[I 2024-09-29 11:12:00.883 ServerApp] Saving file at /GEN/2024/EXP/TRIP/AUTUMN/LISE/JPY/20240927_NuclearChart.ipynb
[I 2024-09-29 11:12:11.346 ServerApp] Saving file at /GEN/2024/EXP/TRIP/AUTUMN/LISE/JPY/20240927_NuclearChart.ipynb
[I 2024-09-29 11:12:33.877 ServerApp] Saving file at /GEN/2024/EXP/TRIP/AUTUMN/LISE/JPY/20240927_NuclearChart.ipynb
[I 2024-09-29 11:12:39.332 ServerApp] Saving file at /GEN/2024/EXP/TRIP/AUTUMN/LISE/JPY/20240927_NuclearChart.ipynb
[I 2024-09-29 11:14:35.229 ServerApp] Saving file at /GEN/2024/EXP/TRIP/AUTUMN/LISE/JPY/20240927_NuclearChart.ipynb
[I 2024-09-29 11:14:48.380 ServerApp] Saving file at /GEN/2024/EXP/TRIP/AUTUMN/LISE/JPY/20240927_NuclearChart.ipynb
[I 2024-09-29 11:15:05.159 ServerApp] Saving file at /GEN/2024/EXP/TRIP/AUTUMN/LISE/JPY/20240927_NuclearChart.ipynb
[I 2024-09-29 11:17:05.210 ServerApp] Saving file at /GEN/2024/EXP/TRIP/AUTUMN/LISE/JPY/20240927_NuclearChart.ipynb
[I 2024-09-29 11:17:16.910 ServerApp] Saving file at /GEN/2024/EXP/TRIP/AUTUMN/LISE/JPY/20240927_NuclearChart.ipynb
[I 2024-09-29 11:18:33.336 ServerApp] Saving file at /GEN/2024/EXP/TRIP/AUTUMN/LISE/JPY/20240927_NuclearChart.ipynb
[I 2024-09-29 11:19:04.554 ServerApp] Saving file at /GEN/2024/EXP/TRIP/AUTUMN/LISE/JPY/20240927_NuclearChart.ipynb
[I 2024-09-29 11:19:44.793 ServerApp] Saving file at /GEN/2024/EXP/TRIP/AUTUMN/LISE/JPY/20240927_NuclearChart.ipynb
[I 2024-09-29 11:21:44.992 ServerApp] Saving file at /GEN/2024/EXP/TRIP/AUTUMN/LISE/JPY/20240927_NuclearChart.ipynb
[I 2024-09-29 11:23:45.967 ServerApp] Saving file at /GEN/2024/EXP/TRIP/AUTUMN/LISE/JPY/20240927_NuclearChart.ipynb
[I 2024-09-29 11:25:31.255 ServerApp] Saving file at /GEN/2024/EXP/TRIP/AUTUMN/LISE/JPY/20240927_NuclearChart.ipynb
[I 2024-09-29 11:27:31.976 ServerApp] Saving file at /GEN/2024/EXP/TRIP/AUTUMN/LISE/JPY/20240927_NuclearChart.ipynb
[I 2024-09-29 11:31:04.436 ServerApp] Saving file at /GEN/2024/EXP/TRIP/AUTUMN/LISE/JPY/20240927_NuclearChart.ipynb
[I 2024-09-29 11:32:32.878 ServerApp] Starting buffering for e278bc95-378c-4f0e-8187-b45a95d701f1:92457580-d5c8-4e3b-aa2f-c1ecc7d9b0f5
[I 2024-09-29 11:32:32.957 ServerApp] Connecting to kernel e278bc95-378c-4f0e-8187-b45a95d701f1.
[I 2024-09-29 11:32:32.957 ServerApp] Restoring connection for e278bc95-378c-4f0e-8187-b45a95d701f1:92457580-d5c8-4e3b-aa2f-c1ecc7d9b0f5
[I 2024-09-29 12:38:58.977 ServerApp] Saving file at /GEN/2024/EXP/TRIP/AUTUMN/LISE/JPY/20240927_NuclearChart.ipynb
[I 2024-09-29 14:59:31.173 ServerApp] Starting buffering for e278bc95-378c-4f0e-8187-b45a95d701f1:92457580-d5c8-4e3b-aa2f-c1ecc7d9b0f5
[I 2024-09-29 14:59:31.208 ServerApp] Connecting to kernel e278bc95-378c-4f0e-8187-b45a95d701f1.
[I 2024-09-29 14:59:31.208 ServerApp] Restoring connection for e278bc95-378c-4f0e-8187-b45a95d701f1:92457580-d5c8-4e3b-aa2f-c1ecc7d9b0f5
[I 2024-09-29 16:08:34.648 ServerApp] Starting buffering for e278bc95-378c-4f0e-8187-b45a95d701f1:92457580-d5c8-4e3b-aa2f-c1ecc7d9b0f5
[I 2024-09-29 16:08:34.772 ServerApp] Connecting to kernel e278bc95-378c-4f0e-8187-b45a95d701f1.
[I 2024-09-29 16:08:34.772 ServerApp] Restoring connection for e278bc95-378c-4f0e-8187-b45a95d701f1:92457580-d5c8-4e3b-aa2f-c1ecc7d9b0f5
[W 2024-09-29 18:03:37.583 ServerApp] 404 GET /local/api/contents/settings.db?content=0&hash=0&1727600617579 (b92afd7a6a214c6085e01d8d0854554f@127.0.0.1) 1.30ms referer=http://localhost:8888/local/doc/tree/GEN/2024/EXP/TRIP/AUTUMN/LISE/JPY/20240927_NuclearChart.ipynb
[W 2024-09-29 18:03:37.585 ServerApp] 404 GET /local/api/contents/settings.db?content=0&hash=0&1727600617579 (127.0.0.1): No such file or directory: settings.db
[I 2024-09-29 18:03:57.827 ServerApp] Saving file at /GEN/2024/EXP/TRIP/AUTUMN/LISE/JPY/20240927_NuclearChart.ipynb
[I 2024-09-29 18:04:15.923 ServerApp] Saving file at /GEN/2024/EXP/TRIP/AUTUMN/LISE/JPY/20240927_NuclearChart.ipynb
[I 2024-09-29 18:06:16.785 ServerApp] Saving file at /GEN/2024/EXP/TRIP/AUTUMN/LISE/JPY/20240927_NuclearChart.ipynb
[I 2024-09-29 19:00:49.520 ServerApp] Starting buffering for e278bc95-378c-4f0e-8187-b45a95d701f1:92457580-d5c8-4e3b-aa2f-c1ecc7d9b0f5
[I 2024-09-29 19:00:49.870 ServerApp] Connecting to kernel e278bc95-378c-4f0e-8187-b45a95d701f1.
[I 2024-09-29 19:00:49.873 ServerApp] Restoring connection for e278bc95-378c-4f0e-8187-b45a95d701f1:92457580-d5c8-4e3b-aa2f-c1ecc7d9b0f5
[I 2024-09-29 19:18:15.953 ServerApp] Starting buffering for e278bc95-378c-4f0e-8187-b45a95d701f1:92457580-d5c8-4e3b-aa2f-c1ecc7d9b0f5
[I 2024-09-29 19:18:16.236 ServerApp] Connecting to kernel e278bc95-378c-4f0e-8187-b45a95d701f1.
[I 2024-09-29 19:18:16.238 ServerApp] Restoring connection for e278bc95-378c-4f0e-8187-b45a95d701f1:92457580-d5c8-4e3b-aa2f-c1ecc7d9b0f5
[I 2024-09-30 02:22:32.018 ServerApp] Starting buffering for e278bc95-378c-4f0e-8187-b45a95d701f1:92457580-d5c8-4e3b-aa2f-c1ecc7d9b0f5
[I 2024-09-30 02:22:33.250 ServerApp] Connecting to kernel e278bc95-378c-4f0e-8187-b45a95d701f1.
[I 2024-09-30 02:22:33.251 ServerApp] Restoring connection for e278bc95-378c-4f0e-8187-b45a95d701f1:92457580-d5c8-4e3b-aa2f-c1ecc7d9b0f5
[I 2024-09-30 12:27:36.456 ServerApp] Starting buffering for e278bc95-378c-4f0e-8187-b45a95d701f1:92457580-d5c8-4e3b-aa2f-c1ecc7d9b0f5
[I 2024-09-30 12:27:38.248 ServerApp] Connecting to kernel e278bc95-378c-4f0e-8187-b45a95d701f1.
[I 2024-09-30 12:27:38.249 ServerApp] Restoring connection for e278bc95-378c-4f0e-8187-b45a95d701f1:92457580-d5c8-4e3b-aa2f-c1ecc7d9b0f5
[I 2024-09-30 15:14:05.801 ServerApp] Starting buffering for e278bc95-378c-4f0e-8187-b45a95d701f1:92457580-d5c8-4e3b-aa2f-c1ecc7d9b0f5
[I 2024-09-30 15:14:09.546 ServerApp] Connecting to kernel e278bc95-378c-4f0e-8187-b45a95d701f1.
[I 2024-09-30 15:14:09.549 ServerApp] Restoring connection for e278bc95-378c-4f0e-8187-b45a95d701f1:92457580-d5c8-4e3b-aa2f-c1ecc7d9b0f5
[I 2024-09-30 19:32:11.107 ServerApp] Starting buffering for e278bc95-378c-4f0e-8187-b45a95d701f1:92457580-d5c8-4e3b-aa2f-c1ecc7d9b0f5
[I 2024-09-30 19:34:03.509 ServerApp] Connecting to kernel e278bc95-378c-4f0e-8187-b45a95d701f1.
[I 2024-09-30 19:34:03.520 ServerApp] Restoring connection for e278bc95-378c-4f0e-8187-b45a95d701f1:92457580-d5c8-4e3b-aa2f-c1ecc7d9b0f5
[I 2024-10-01 01:12:00.677 ServerApp] Starting buffering for e278bc95-378c-4f0e-8187-b45a95d701f1:92457580-d5c8-4e3b-aa2f-c1ecc7d9b0f5
